Starting Dynare (version 4.4.2).
Starting preprocessing of the model file ...
Found 34 equation(s).
Evaluating expressions...done
Computing static model derivatives:
 - order 1
Computing dynamic model derivatives:
 - order 1
Processing outputs ...done
Preprocessing completed.
Starting MATLAB/Octave computing.

itct 1, af 0.0114816, lambda 1, rc 0
   x    0.503727          1    2.68499   0.169757
   x    0.134783          0     5.3913   0.317421
   x     1.34783    1.33581  0.0120106   0.760019
   x           1     1.0126          1   0.808267
   x    0.808267    3.53279      0.025    1.51102
   x      1.0101          1          1 0.00373978
   x           4    1.09583     1.0201 
   f  -0.0086128 -0.00286876 -2.60209e-18 2.22045e-16
   f  8.08242e-14 2.22045e-16 -1.37425e-08          0
   f  -7.36937e-11 1.09905e-13 2.91516e-10 -1.42094e-08
   f           0 1.8735e-16 2.22358e-10 -2.81661e-10
   f           0          0          0 1.06581e-14
   f  5.57332e-14 7.30723e-10 9.89334e-10 1.29877e-08
   f  -1.9984e-15          0 1.9984e-15 
itct 2, af 0.0018149, lambda 1, rc 0
   x    0.502902          1     2.6817   0.169757
   x    0.134617          0     5.3847   0.317032
   x     1.34617    1.33418  0.0119959   0.760019
   x           1     1.0126          1   0.807277
   x    0.807277    3.52846      0.025    1.51102
   x      1.0101          1          1 0.00373978
   x           4   0.757908     1.0201 
   f  -0.00181327 -1.62952e-06 4.33681e-19 -2.22045e-16
   f  -8.88178e-16          0 -1.99032e-11          0
   f  -4.20552e-13 2.68535e-15 8.61489e-12 -3.6489e-10
   f           0 1.56125e-16 -5.62522e-13 -2.08611e-13
   f           0          0          0 -3.33067e-16
   f  -5.37348e-14 -1.58873e-11 -2.77423e-11 3.4287e-10
   f  2.22045e-15 2.22045e-16 -1.9984e-15 
itct 3, af 0.0002441, lambda 1, rc 0
   x    0.502902          1     2.6817   0.169757
   x    0.134617          0    5.38469   0.317032
   x     1.34617    1.33418  0.0119959   0.760019
   x           1     1.0126          1   0.807276
   x    0.807276    3.52846      0.025    1.51102
   x      1.0101          1          1 0.00373978
   x           4    0.63482     1.0201 
   f  -0.0002441 1.70952e-12 -1.30104e-18 -2.22045e-16
   f  8.88178e-16          0 -8.88178e-16          0
   f           0 1.73472e-18 5.32907e-15 -2.08056e-13
   f           0 3.46945e-18 1.11022e-16          0
   f           0          0 1.11022e-16 -1.11022e-16
   f  -3.9968e-15 -1.33227e-15 -8.88178e-16 1.97287e-13
   f  2.22045e-16 -2.22045e-16          0 
itct 4, af 8.32663e-06, lambda 1, rc 0
   x    0.502902          1     2.6817   0.169757
   x    0.134617          0    5.38469   0.317032
   x     1.34617    1.33418  0.0119959   0.760019
   x           1     1.0126          1   0.807276
   x    0.807276    3.52846      0.025    1.51102
   x      1.0101          1          1 0.00373978
   x           4   0.612136     1.0201 
   f  -8.32663e-06          0 -1.30104e-18          0
   f  -8.88178e-16          0          0 2.22045e-16
   f  -2.22045e-16 1.73472e-18 2.22045e-16 1.11022e-16
   f           0          0 2.77556e-17 -2.77556e-17
   f           0          0 -1.11022e-16 1.11022e-16
   f  1.22125e-15 8.88178e-16 4.44089e-16 1.11022e-16
   f  2.22045e-16          0          0 
itct 5, af 1.11813e-08, lambda 1, rc 0
   x    0.502902          1     2.6817   0.169757
   x    0.134617          0    5.38469   0.317032
   x     1.34617    1.33418  0.0119959   0.760019
   x           1     1.0126          1   0.807276
   x    0.807276    3.52846      0.025    1.51102
   x      1.0101          1          1 0.00373978
   x           4   0.611306     1.0201 
   f  -1.11813e-08 2.22045e-16          0          0
   f           0          0          0          0
   f  -2.22045e-16          0          0 -2.22045e-16
   f           0          0 -1.11022e-16 2.77556e-17
   f           0          0          0          0
   f  6.66134e-16 4.44089e-16          0          0
   f           0          0 -2.22045e-16 
itct 6, af 4.15796e-14, lambda 1, rc 0
   x    0.502902          1     2.6817   0.169757
   x    0.134617          0    5.38469   0.317032
   x     1.34617    1.33418  0.0119959   0.760019
   x           1     1.0126          1   0.807276
   x    0.807276    3.52846      0.025    1.51102
   x      1.0101          1          1 0.00373978
   x           4   0.611305     1.0201 
   f  -3.81917e-14 4.44089e-16          0 2.22045e-16
   f           0 -2.22045e-16 8.88178e-16          0
   f  2.22045e-16 -1.73472e-18          0          0
   f           0          0 -2.77556e-17 2.77556e-17
   f           0          0 -1.11022e-16          0
   f  -4.44089e-16          0          0 2.22045e-16
   f  3.33067e-16          0 2.22045e-16 {Error using <a href="matlab:helpUtils.errorDocCallback('print_info', '/Applications/Dynare/4.4.2/matlab/print_info.m', 72)" style="font-weight:bold">print_info</a> (<a href="matlab: opentoline('/Applications/Dynare/4.4.2/matlab/print_info.m',72,0)">line 72</a>)
The steadystate file did not compute the steady state

Error in <a href="matlab:helpUtils.errorDocCallback('check', '/Applications/Dynare/4.4.2/matlab/check.m', 76)" style="font-weight:bold">check</a> (<a href="matlab: opentoline('/Applications/Dynare/4.4.2/matlab/check.m',76,0)">line 76</a>)
    print_info(info, 0, options);

Error in <a href="matlab:helpUtils.errorDocCallback('FA', '/Users/max/Documents/matlab/master_thesis_models/GK_different_utility/FA.m', 450)" style="font-weight:bold">FA</a> (<a href="matlab: opentoline('/Users/max/Documents/matlab/master_thesis_models/GK_different_utility/FA.m',450,0)">line 450</a>)
oo_.dr.eigval = check(M_,options_,oo_);

Error in <a href="matlab:helpUtils.errorDocCallback('dynare', '/Applications/Dynare/4.4.2/matlab/dynare.m', 180)" style="font-weight:bold">dynare</a> (<a href="matlab: opentoline('/Applications/Dynare/4.4.2/matlab/dynare.m',180,0)">line 180</a>)
evalin('base',fname) ;
} 
clear
clc
dynare FA 

Configuring Dynare ...
[mex] Generalized QZ.
[mex] Sylvester equation solution.
[mex] Kronecker products.
[mex] Sparse kronecker products.
[mex] Local state space iteration (second order).
[mex] Bytecode evaluation.
[mex] k-order perturbation solver.
[mex] k-order solution simulation.
[mex] Quasi Monte-Carlo sequence (Sobol).
[mex] Markov Switching SBVAR.

Starting Dynare (version 4.4.2).
Starting preprocessing of the model file ...
Found 40 equation(s).
Evaluating expressions...done
Computing static model derivatives:
 - order 1
Computing dynamic model derivatives:
 - order 1
Processing outputs ...done
Preprocessing completed.
Starting MATLAB/Octave computing.

